<?xml version="1.0" encoding="UTF-8"?>
<!-- Generated by org.testng.reporters.JUnitXMLReporter -->
<testsuite ignored="0" hostname="LAPTOP-UGQAOAUR" failures="0" tests="3" name="Default test" time="12.598" errors="0" timestamp="19 Apr 2020 17:40:24 GMT">
  <testcase classname="com.app.Tests.MercuryToursTestNGTest" name="ValidateTitle" time="0.022"/>
  <testcase classname="com.app.Tests.MercuryToursTestNGTest" name="ValidateUrl" time="0.02"/>
  <testcase classname="com.app.Tests.MercuryToursTestNGTest" name="ElementDisplay" time="4.497"/>
</testsuite> <!-- Default test -->
